<?xml version="1.0" encoding="UTF-8"?>
<testng-results ignored="0" total="1" passed="1" failed="0" skipped="0">
  <reporter-output>
  </reporter-output>
  <suite started-at="2020-11-11T07:07:30Z" name="APIAutomation" finished-at="2020-11-11T07:07:33Z" duration-ms="3578">
    <groups>
    </groups>
    <test started-at="2020-11-11T07:07:30Z" name="SpaceXGetMethod" finished-at="2020-11-11T07:07:33Z" duration-ms="3578">
      <class name="com.testscripts.SpaceXGetMethod">
        <test-method signature="spaceXGetMethod()[pri:0, instance:com.testscripts.SpaceXGetMethod@6c61a903]" started-at="2020-11-11T07:07:30Z" name="spaceXGetMethod" finished-at="2020-11-11T07:07:33Z" duration-ms="3546" status="PASS">
          <reporter-output>
          </reporter-output>
        </test-method> <!-- spaceXGetMethod -->
      </class> <!-- com.testscripts.SpaceXGetMethod -->
    </test> <!-- SpaceXGetMethod -->
  </suite> <!-- APIAutomation -->
</testng-results>
